Query Protein: A0A009I3Y5
N = 50 (μέγεθος λίστας Top-N για την αξιολόγηση Recall@N)

[1] Συνοπτική σύγκριση μεθόδων
---------------------------------------------------------------------------
Method               | Time/query (s)  | QPS        | Recall@N
---------------------------------------------------------------------------
lsh                  | 0.0001          | 16008      | 0.00
BLAST (Ref)          | 1.500           | 0.7        | 1.00
---------------------------------------------------------------------------

[2] Top-N γείτονες ανά μέθοδο
Method: lsh
Rank  | Neighbor ID          | Dist       | Identity   | In BLAST?
--------------------------------------------------------------------------------
1     | A0KHE3               | 2.6045     | --         | No

================================================================================

Query Protein: A0A009PCK4
N = 50 (μέγεθος λίστας Top-N για την αξιολόγηση Recall@N)

[1] Συνοπτική σύγκριση μεθόδων
---------------------------------------------------------------------------
Method               | Time/query (s)  | QPS        | Recall@N
---------------------------------------------------------------------------
lsh                  | 0.0000          | 26546      | 0.00
BLAST (Ref)          | 1.500           | 0.7        | 1.00
---------------------------------------------------------------------------

[2] Top-N γείτονες ανά μέθοδο
Method: lsh
Rank  | Neighbor ID          | Dist       | Identity   | In BLAST?
--------------------------------------------------------------------------------

================================================================================

Query Protein: A0A001
N = 50 (μέγεθος λίστας Top-N για την αξιολόγηση Recall@N)

[1] Συνοπτική σύγκριση μεθόδων
---------------------------------------------------------------------------
Method               | Time/query (s)  | QPS        | Recall@N
---------------------------------------------------------------------------
lsh                  | 0.0000          | 26214      | 0.00
BLAST (Ref)          | 1.500           | 0.7        | 1.00
---------------------------------------------------------------------------

[2] Top-N γείτονες ανά μέθοδο
Method: lsh
Rank  | Neighbor ID          | Dist       | Identity   | In BLAST?
--------------------------------------------------------------------------------

================================================================================

Query Protein: A0A002
N = 50 (μέγεθος λίστας Top-N για την αξιολόγηση Recall@N)

[1] Συνοπτική σύγκριση μεθόδων
---------------------------------------------------------------------------
Method               | Time/query (s)  | QPS        | Recall@N
---------------------------------------------------------------------------
lsh                  | 0.0001          | 19239      | 0.00
BLAST (Ref)          | 1.500           | 0.7        | 1.00
---------------------------------------------------------------------------

[2] Top-N γείτονες ανά μέθοδο
Method: lsh
Rank  | Neighbor ID          | Dist       | Identity   | In BLAST?
--------------------------------------------------------------------------------
1     | Q51719               | 1.7785     | --         | No
2     | Q3YUN6               | 2.5912     | --         | No
3     | Q5QM27               | 3.5484     | --         | No

================================================================================

Query Protein: A0A009HL96
N = 50 (μέγεθος λίστας Top-N για την αξιολόγηση Recall@N)

[1] Συνοπτική σύγκριση μεθόδων
---------------------------------------------------------------------------
Method               | Time/query (s)  | QPS        | Recall@N
---------------------------------------------------------------------------
lsh                  | 0.0001          | 19418      | 0.08
BLAST (Ref)          | 1.500           | 0.7        | 1.00
---------------------------------------------------------------------------

[2] Top-N γείτονες ανά μέθοδο
Method: lsh
Rank  | Neighbor ID          | Dist       | Identity   | In BLAST?
--------------------------------------------------------------------------------
1     | Q5HI09               | 0.6392     | 26%        | Yes
2     | Q99VW2               | 0.6598     | 26%        | Yes
3     | Q8CQ37               | 0.6748     | 27%        | Yes
4     | Q99RR6               | 0.7503     | 31%        | Yes
5     | Q4WC31               | 4.2571     | --         | No

================================================================================

Query Protein: A0A009HLV9
N = 50 (μέγεθος λίστας Top-N για την αξιολόγηση Recall@N)

[1] Συνοπτική σύγκριση μεθόδων
---------------------------------------------------------------------------
Method               | Time/query (s)  | QPS        | Recall@N
---------------------------------------------------------------------------
lsh                  | 0.0001          | 18893      | 0.02
BLAST (Ref)          | 1.500           | 0.7        | 1.00
---------------------------------------------------------------------------

[2] Top-N γείτονες ανά μέθοδο
Method: lsh
Rank  | Neighbor ID          | Dist       | Identity   | In BLAST?
--------------------------------------------------------------------------------
1     | A4STH5               | 1.1876     | 39%        | Yes
2     | Q5R5M8               | 1.7452     | --         | No
3     | Q1LTL5               | 2.2766     | --         | No

================================================================================

Query Protein: A0A009HN45
N = 50 (μέγεθος λίστας Top-N για την αξιολόγηση Recall@N)

[1] Συνοπτική σύγκριση μεθόδων
---------------------------------------------------------------------------
Method               | Time/query (s)  | QPS        | Recall@N
---------------------------------------------------------------------------
lsh                  | 0.0001          | 7958       | 0.25
BLAST (Ref)          | 1.500           | 0.7        | 1.00
---------------------------------------------------------------------------

[2] Top-N γείτονες ανά μέθοδο
Method: lsh
Rank  | Neighbor ID          | Dist       | Identity   | In BLAST?
--------------------------------------------------------------------------------
1     | P52126               | 0.7920     | --         | No
2     | Q0HMR2               | 0.7921     | 23%        | Yes
3     | Q0HR19               | 0.7961     | 23%        | Yes
4     | A1A7A6               | 0.8375     | 38%        | Yes
5     | A7ZW09               | 0.8448     | 38%        | Yes
6     | Q5PDF0               | 0.8910     | 38%        | Yes
7     | B5FI41               | 0.8984     | 38%        | Yes
8     | P13989               | 1.4861     | --         | No
9     | Q61496               | 1.5090     | --         | No
10    | Q6G9V7               | 1.7315     | --         | No

================================================================================

Query Protein: A0A009HQC9
N = 50 (μέγεθος λίστας Top-N για την αξιολόγηση Recall@N)

[1] Συνοπτική σύγκριση μεθόδων
---------------------------------------------------------------------------
Method               | Time/query (s)  | QPS        | Recall@N
---------------------------------------------------------------------------
lsh                  | 0.0001          | 13751      | 0.07
BLAST (Ref)          | 1.500           | 0.7        | 1.00
---------------------------------------------------------------------------

[2] Top-N γείτονες ανά μέθοδο
Method: lsh
Rank  | Neighbor ID          | Dist       | Identity   | In BLAST?
--------------------------------------------------------------------------------
1     | Q0HR19               | 0.5187     | 44%        | Yes
2     | B4M891               | 1.4360     | --         | No
3     | Q3A579               | 1.5765     | --         | No
4     | A1BDF1               | 1.8350     | --         | No
5     | Q0HNY3               | 1.9438     | --         | No
6     | C1ER06               | 1.9954     | --         | No
7     | Q2QS13               | 2.0004     | --         | No
8     | Q920P6               | 2.0948     | --         | No
9     | A8ERD8               | 2.1689     | --         | No
10    | B0SL33               | 2.3083     | --         | No

================================================================================

Query Protein: A0A009HPM0
N = 50 (μέγεθος λίστας Top-N για την αξιολόγηση Recall@N)

[1] Συνοπτική σύγκριση μεθόδων
---------------------------------------------------------------------------
Method               | Time/query (s)  | QPS        | Recall@N
---------------------------------------------------------------------------
lsh                  | 0.0001          | 6944       | 0.00
BLAST (Ref)          | 1.500           | 0.7        | 1.00
---------------------------------------------------------------------------

[2] Top-N γείτονες ανά μέθοδο
Method: lsh
Rank  | Neighbor ID          | Dist       | Identity   | In BLAST?
--------------------------------------------------------------------------------
1     | A5VX27               | 1.7655     | --         | No
2     | A5ID24               | 1.8744     | --         | No
3     | P41827               | 1.9293     | --         | No
4     | P0DMW0               | 2.0021     | --         | No
5     | P39015               | 3.1236     | --         | No

================================================================================

Query Protein: A0A009IB02
N = 50 (μέγεθος λίστας Top-N για την αξιολόγηση Recall@N)

[1] Συνοπτική σύγκριση μεθόδων
---------------------------------------------------------------------------
Method               | Time/query (s)  | QPS        | Recall@N
---------------------------------------------------------------------------
lsh                  | 0.0001          | 9845       | 0.00
BLAST (Ref)          | 1.500           | 0.7        | 1.00
---------------------------------------------------------------------------

[2] Top-N γείτονες ανά μέθοδο
Method: lsh
Rank  | Neighbor ID          | Dist       | Identity   | In BLAST?
--------------------------------------------------------------------------------

================================================================================

Query Protein: A0A010Q3W2
N = 50 (μέγεθος λίστας Top-N για την αξιολόγηση Recall@N)

[1] Συνοπτική σύγκριση μεθόδων
---------------------------------------------------------------------------
Method               | Time/query (s)  | QPS        | Recall@N
---------------------------------------------------------------------------
lsh                  | 0.0001          | 7449       | 0.00
BLAST (Ref)          | 1.500           | 0.7        | 1.00
---------------------------------------------------------------------------

[2] Top-N γείτονες ανά μέθοδο
Method: lsh
Rank  | Neighbor ID          | Dist       | Identity   | In BLAST?
--------------------------------------------------------------------------------
1     | P67113               | 2.1998     | --         | No
2     | P9WJS2               | 2.4085     | --         | No
3     | Q8HYB8               | 2.5499     | --         | No
4     | Q8DEZ8               | 2.6316     | --         | No
5     | B7K7E4               | 2.6827     | --         | No
6     | A7FXG9               | 3.0133     | --         | No

================================================================================

Query Protein: A0A010Q8R4
N = 50 (μέγεθος λίστας Top-N για την αξιολόγηση Recall@N)

[1] Συνοπτική σύγκριση μεθόδων
---------------------------------------------------------------------------
Method               | Time/query (s)  | QPS        | Recall@N
---------------------------------------------------------------------------
lsh                  | 0.0001          | 9137       | 0.00
BLAST (Ref)          | 1.500           | 0.7        | 1.00
---------------------------------------------------------------------------

[2] Top-N γείτονες ανά μέθοδο
Method: lsh
Rank  | Neighbor ID          | Dist       | Identity   | In BLAST?
--------------------------------------------------------------------------------
1     | A1R8N0               | 2.5610     | --         | No

================================================================================

